<?xml version="1.0" encoding="UTF-8" ?>
<testsuite tests="37" failures="0" name="org.jfree.chart.plot.CategoryPlotTest" time="0.042" errors="0" skipped="0">
  <properties>
    <property name="java.runtime.name" value="OpenJDK Runtime Environment"/>
    <property name="java.vm.version" value="11.0.22+7-post-Ubuntu-0ubuntu222.04.1"/>
    <property name="sun.boot.library.path" value="/usr/lib/jvm/java-11-openjdk-amd64/lib"/>
    <property name="maven.multiModuleProjectDirectory" value="/home/jadams/code/jfreechart-1.0.19"/>
    <property name="java.vm.vendor" value="Ubuntu"/>
    <property name="java.vendor.url" value="https://ubuntu.com/"/>
    <property name="guice.disable.misplaced.annotation.check" value="true"/>
    <property name="path.separator" value=":"/>
    <property name="java.vm.name" value="OpenJDK 64-Bit Server VM"/>
    <property name="sun.os.patch.level" value="unknown"/>
    <property name="sun.java.launcher" value="SUN_STANDARD"/>
    <property name="java.vm.specification.name" value="Java Virtual Machine Specification"/>
    <property name="user.dir" value="/home/jadams/code/jfreechart-1.0.19"/>
    <property name="java.vm.compressedOopsMode" value="32-bit"/>
    <property name="java.runtime.version" value="11.0.22+7-post-Ubuntu-0ubuntu222.04.1"/>
    <property name="java.awt.graphicsenv" value="sun.awt.X11GraphicsEnvironment"/>
    <property name="os.arch" value="amd64"/>
    <property name="java.io.tmpdir" value="/tmp"/>
    <property name="line.separator" value="
"/>
    <property name="java.vm.specification.vendor" value="Oracle Corporation"/>
    <property name="os.name" value="Linux"/>
    <property name="classworlds.conf" value="/usr/share/maven/bin/m2.conf"/>
    <property name="sun.jnu.encoding" value="UTF-8"/>
    <property name="java.library.path" value=":/home/jadams/oracle/instantclient_11_2:/usr/java/packages/lib:/usr/lib/x86_64-linux-gnu/jni:/lib/x86_64-linux-gnu:/usr/lib/x86_64-linux-gnu:/usr/lib/jni:/lib:/usr/lib"/>
    <property name="maven.conf" value="/usr/share/maven/conf"/>
    <property name="jdk.debug" value="release"/>
    <property name="java.class.version" value="55.0"/>
    <property name="java.specification.name" value="Java Platform API Specification"/>
    <property name="sun.management.compiler" value="HotSpot 64-Bit Tiered Compilers"/>
    <property name="os.version" value="5.15.146.1-microsoft-standard-WSL2"/>
    <property name="library.jansi.path" value="/usr/share/maven/lib/jansi-native"/>
    <property name="user.home" value="/home/jadams"/>
    <property name="user.timezone" value="Europe/London"/>
    <property name="java.awt.printerjob" value="sun.print.PSPrinterJob"/>
    <property name="file.encoding" value="UTF-8"/>
    <property name="java.specification.version" value="11"/>
    <property name="user.name" value="jadams"/>
    <property name="java.class.path" value="/usr/share/maven/boot/plexus-classworlds-2.x.jar"/>
    <property name="java.vm.specification.version" value="11"/>
    <property name="sun.arch.data.model" value="64"/>
    <property name="sun.java.command" value="org.codehaus.plexus.classworlds.launcher.Launcher install"/>
    <property name="java.home" value="/usr/lib/jvm/java-11-openjdk-amd64"/>
    <property name="user.language" value="en"/>
    <property name="java.specification.vendor" value="Oracle Corporation"/>
    <property name="awt.toolkit" value="sun.awt.X11.XToolkit"/>
    <property name="java.vm.info" value="mixed mode, sharing"/>
    <property name="java.version" value="11.0.22"/>
    <property name="java.vendor" value="Ubuntu"/>
    <property name="java.specification.maintenance.version" value="2"/>
    <property name="maven.home" value="/usr/share/maven"/>
    <property name="file.separator" value="/"/>
    <property name="java.version.date" value="2024-01-16"/>
    <property name="java.vendor.url.bug" value="https://bugs.launchpad.net/ubuntu/+source/openjdk-lts"/>
    <property name="sun.io.unicode.encoding" value="UnicodeLittle"/>
    <property name="sun.cpu.endian" value="little"/>
    <property name="sun.cpu.isalist" value=""/>
  </properties>
  <testcase classname="org.jfree.chart.plot.CategoryPlotTest" name="testAxisRange" time="0.001"/>
  <testcase classname="org.jfree.chart.plot.CategoryPlotTest" name="testGetRangeAxisForDataset" time="0"/>
  <testcase classname="org.jfree.chart.plot.CategoryPlotTest" name="testRangeMarkerIndices" time="0.001"/>
  <testcase classname="org.jfree.chart.plot.CategoryPlotTest" name="testDomainMarkerIndices" time="0"/>
  <testcase classname="org.jfree.chart.plot.CategoryPlotTest" name="testEquals_ObjectList" time="0"/>
  <testcase classname="org.jfree.chart.plot.CategoryPlotTest" name="testBug2817504" time="0"/>
  <testcase classname="org.jfree.chart.plot.CategoryPlotTest" name="testAddRangeMarker" time="0"/>
  <testcase classname="org.jfree.chart.plot.CategoryPlotTest" name="testSerialization" time="0.003"/>
  <testcase classname="org.jfree.chart.plot.CategoryPlotTest" name="testRendererIndices" time="0"/>
  <testcase classname="org.jfree.chart.plot.CategoryPlotTest" name="testRemoveRangeMarker" time="0.001"/>
  <testcase classname="org.jfree.chart.plot.CategoryPlotTest" name="testGetRangeAxisIndex" time="0"/>
  <testcase classname="org.jfree.chart.plot.CategoryPlotTest" name="testRemoveDomainMarker" time="0"/>
  <testcase classname="org.jfree.chart.plot.CategoryPlotTest" name="testGetDomainAxisIndex" time="0"/>
  <testcase classname="org.jfree.chart.plot.CategoryPlotTest" name="testGetRendererForDataset2" time="0"/>
  <testcase classname="org.jfree.chart.plot.CategoryPlotTest" name="testGetDomainAxisForDataset" time="0"/>
  <testcase classname="org.jfree.chart.plot.CategoryPlotTest" name="test1169972" time="0"/>
  <testcase classname="org.jfree.chart.plot.CategoryPlotTest" name="test1654215" time="0.002"/>
  <testcase classname="org.jfree.chart.plot.CategoryPlotTest" name="testAddDomainMarker" time="0"/>
  <testcase classname="org.jfree.chart.plot.CategoryPlotTest" name="testAxisIndices" time="0"/>
  <testcase classname="org.jfree.chart.plot.CategoryPlotTest" name="testCloning" time="0.001"/>
  <testcase classname="org.jfree.chart.plot.CategoryPlotTest" name="testSetRenderer" time="0"/>
  <testcase classname="org.jfree.chart.plot.CategoryPlotTest" name="testEquals_ObjectList2" time="0"/>
  <testcase classname="org.jfree.chart.plot.CategoryPlotTest" name="testEquals_ObjectList3" time="0"/>
  <testcase classname="org.jfree.chart.plot.CategoryPlotTest" name="testEquals_ObjectList4" time="0"/>
  <testcase classname="org.jfree.chart.plot.CategoryPlotTest" name="testEquals_ObjectList5" time="0.001"/>
  <testcase classname="org.jfree.chart.plot.CategoryPlotTest" name="testAxisLocationIndices" time="0"/>
  <testcase classname="org.jfree.chart.plot.CategoryPlotTest" name="testMapDatasetToRangeAxis" time="0"/>
  <testcase classname="org.jfree.chart.plot.CategoryPlotTest" name="testEquals" time="0.004"/>
  <testcase classname="org.jfree.chart.plot.CategoryPlotTest" name="testMapDatasetToDomainAxis" time="0"/>
  <testcase classname="org.jfree.chart.plot.CategoryPlotTest" name="testDatasetIndices" time="0"/>
  <testcase classname="org.jfree.chart.plot.CategoryPlotTest" name="testSerialization2" time="0.004"/>
  <testcase classname="org.jfree.chart.plot.CategoryPlotTest" name="testSerialization3" time="0.009"/>
  <testcase classname="org.jfree.chart.plot.CategoryPlotTest" name="testSerialization4" time="0.008"/>
  <testcase classname="org.jfree.chart.plot.CategoryPlotTest" name="testSerialization5" time="0.005"/>
  <testcase classname="org.jfree.chart.plot.CategoryPlotTest" name="testCloning2" time="0.002"/>
  <testcase classname="org.jfree.chart.plot.CategoryPlotTest" name="testCloning3" time="0"/>
  <testcase classname="org.jfree.chart.plot.CategoryPlotTest" name="testConstructor" time="0"/>
</testsuite>