<?xml version="1.0" encoding="UTF-8" ?>
<testsuite tests="31" failures="0" name="org.jfree.chart.axis.SegmentedTimelineTest" time="2.03" errors="0" skipped="0">
  <properties>
    <property name="java.runtime.name" value="OpenJDK Runtime Environment"/>
    <property name="java.vm.version" value="11.0.22+7-post-Ubuntu-0ubuntu222.04.1"/>
    <property name="sun.boot.library.path" value="/usr/lib/jvm/java-11-openjdk-amd64/lib"/>
    <property name="maven.multiModuleProjectDirectory" value="/home/jadams/code/jfreechart-1.0.19"/>
    <property name="java.vm.vendor" value="Ubuntu"/>
    <property name="java.vendor.url" value="https://ubuntu.com/"/>
    <property name="guice.disable.misplaced.annotation.check" value="true"/>
    <property name="path.separator" value=":"/>
    <property name="java.vm.name" value="OpenJDK 64-Bit Server VM"/>
    <property name="sun.os.patch.level" value="unknown"/>
    <property name="sun.java.launcher" value="SUN_STANDARD"/>
    <property name="java.vm.specification.name" value="Java Virtual Machine Specification"/>
    <property name="user.dir" value="/home/jadams/code/jfreechart-1.0.19"/>
    <property name="java.vm.compressedOopsMode" value="32-bit"/>
    <property name="java.runtime.version" value="11.0.22+7-post-Ubuntu-0ubuntu222.04.1"/>
    <property name="java.awt.graphicsenv" value="sun.awt.X11GraphicsEnvironment"/>
    <property name="os.arch" value="amd64"/>
    <property name="java.io.tmpdir" value="/tmp"/>
    <property name="line.separator" value="
"/>
    <property name="java.vm.specification.vendor" value="Oracle Corporation"/>
    <property name="os.name" value="Linux"/>
    <property name="classworlds.conf" value="/usr/share/maven/bin/m2.conf"/>
    <property name="sun.jnu.encoding" value="UTF-8"/>
    <property name="java.library.path" value=":/home/jadams/oracle/instantclient_11_2:/usr/java/packages/lib:/usr/lib/x86_64-linux-gnu/jni:/lib/x86_64-linux-gnu:/usr/lib/x86_64-linux-gnu:/usr/lib/jni:/lib:/usr/lib"/>
    <property name="maven.conf" value="/usr/share/maven/conf"/>
    <property name="jdk.debug" value="release"/>
    <property name="java.class.version" value="55.0"/>
    <property name="java.specification.name" value="Java Platform API Specification"/>
    <property name="sun.management.compiler" value="HotSpot 64-Bit Tiered Compilers"/>
    <property name="os.version" value="5.15.146.1-microsoft-standard-WSL2"/>
    <property name="library.jansi.path" value="/usr/share/maven/lib/jansi-native"/>
    <property name="user.home" value="/home/jadams"/>
    <property name="user.timezone" value="Europe/London"/>
    <property name="java.awt.printerjob" value="sun.print.PSPrinterJob"/>
    <property name="file.encoding" value="UTF-8"/>
    <property name="java.specification.version" value="11"/>
    <property name="user.name" value="jadams"/>
    <property name="java.class.path" value="/usr/share/maven/boot/plexus-classworlds-2.x.jar"/>
    <property name="java.vm.specification.version" value="11"/>
    <property name="sun.arch.data.model" value="64"/>
    <property name="sun.java.command" value="org.codehaus.plexus.classworlds.launcher.Launcher install"/>
    <property name="java.home" value="/usr/lib/jvm/java-11-openjdk-amd64"/>
    <property name="user.language" value="en"/>
    <property name="java.specification.vendor" value="Oracle Corporation"/>
    <property name="awt.toolkit" value="sun.awt.X11.XToolkit"/>
    <property name="java.vm.info" value="mixed mode, sharing"/>
    <property name="java.version" value="11.0.22"/>
    <property name="java.vendor" value="Ubuntu"/>
    <property name="java.specification.maintenance.version" value="2"/>
    <property name="maven.home" value="/usr/share/maven"/>
    <property name="file.separator" value="/"/>
    <property name="java.version.date" value="2024-01-16"/>
    <property name="java.vendor.url.bug" value="https://bugs.launchpad.net/ubuntu/+source/openjdk-lts"/>
    <property name="sun.io.unicode.encoding" value="UnicodeLittle"/>
    <property name="sun.cpu.endian" value="little"/>
    <property name="sun.cpu.isalist" value=""/>
  </properties>
  <testcase classname="org.jfree.chart.axis.SegmentedTimelineTest" name="testMondayThroughFridayIncludedAndExcludedSegments" time="0.001"/>
  <testcase classname="org.jfree.chart.axis.SegmentedTimelineTest" name="testMondayThroughFridayInc" time="0.105"/>
  <testcase classname="org.jfree.chart.axis.SegmentedTimelineTest" name="testMs2Segment" time="0.001"/>
  <testcase classname="org.jfree.chart.axis.SegmentedTimelineTest" name="testMs2IncludedAndExcludedSegments" time="0"/>
  <testcase classname="org.jfree.chart.axis.SegmentedTimelineTest" name="testMs2BaseTimelineTranslations" time="0.034"/>
  <testcase classname="org.jfree.chart.axis.SegmentedTimelineTest" name="testMsExceptionSegments" time="0.001"/>
  <testcase classname="org.jfree.chart.axis.SegmentedTimelineTest" name="testMsSegmentedTimeline" time="0"/>
  <testcase classname="org.jfree.chart.axis.SegmentedTimelineTest" name="testSerialization" time="0.005"/>
  <testcase classname="org.jfree.chart.axis.SegmentedTimelineTest" name="testMsInc" time="0.019"/>
  <testcase classname="org.jfree.chart.axis.SegmentedTimelineTest" name="testMsTranslations" time="0.031"/>
  <testcase classname="org.jfree.chart.axis.SegmentedTimelineTest" name="testMsSegment" time="0"/>
  <testcase classname="org.jfree.chart.axis.SegmentedTimelineTest" name="testMsIncludedAndExcludedSegments" time="0.001"/>
  <testcase classname="org.jfree.chart.axis.SegmentedTimelineTest" name="testBasicSegmentedTimeline" time="0"/>
  <testcase classname="org.jfree.chart.axis.SegmentedTimelineTest" name="testFifteenMinIncludedAndExcludedSegments" time="0"/>
  <testcase classname="org.jfree.chart.axis.SegmentedTimelineTest" name="testMs2Translations" time="1.121"/>
  <testcase classname="org.jfree.chart.axis.SegmentedTimelineTest" name="testSegmentedTimelineWithException1" time="0"/>
  <testcase classname="org.jfree.chart.axis.SegmentedTimelineTest" name="testFifteenMinExceptionSegments" time="0.002"/>
  <testcase classname="org.jfree.chart.axis.SegmentedTimelineTest" name="testCloning" time="0"/>
  <testcase classname="org.jfree.chart.axis.SegmentedTimelineTest" name="testFifteenMinSegmentedTimeline" time="0"/>
  <testcase classname="org.jfree.chart.axis.SegmentedTimelineTest" name="testMondayThroughFridaySegment" time="0.028"/>
  <testcase classname="org.jfree.chart.axis.SegmentedTimelineTest" name="testFifteenMinSegment" time="0.001"/>
  <testcase classname="org.jfree.chart.axis.SegmentedTimelineTest" name="testHashCode" time="0"/>
  <testcase classname="org.jfree.chart.axis.SegmentedTimelineTest" name="testMondayThroughFridaySegmentedTimeline" time="0"/>
  <testcase classname="org.jfree.chart.axis.SegmentedTimelineTest" name="testMs2SegmentedTimeline" time="0.001"/>
  <testcase classname="org.jfree.chart.axis.SegmentedTimelineTest" name="testEquals" time="0"/>
  <testcase classname="org.jfree.chart.axis.SegmentedTimelineTest" name="testMs2Inc" time="0.004"/>
  <testcase classname="org.jfree.chart.axis.SegmentedTimelineTest" name="testSerialization2" time="0.001"/>
  <testcase classname="org.jfree.chart.axis.SegmentedTimelineTest" name="testMs2BaseTimelineExceptionSegments" time="0"/>
  <testcase classname="org.jfree.chart.axis.SegmentedTimelineTest" name="testMondayThoughFridayExceptionSegments" time="0"/>
  <testcase classname="org.jfree.chart.axis.SegmentedTimelineTest" name="testFifteenMinInc" time="0.005"/>
  <testcase classname="org.jfree.chart.axis.SegmentedTimelineTest" name="testFifteenMinTranslations" time="0.669"/>
</testsuite>