<?xml version="1.0" encoding="UTF-8" ?>
<testsuite tests="44" failures="0" name="org.jfree.data.time.TimeSeriesTest" time="0.028" errors="0" skipped="0">
  <properties>
    <property name="java.runtime.name" value="OpenJDK Runtime Environment"/>
    <property name="java.vm.version" value="11.0.22+7-post-Ubuntu-0ubuntu222.04.1"/>
    <property name="sun.boot.library.path" value="/usr/lib/jvm/java-11-openjdk-amd64/lib"/>
    <property name="maven.multiModuleProjectDirectory" value="/home/jadams/code/jfreechart-1.0.19"/>
    <property name="java.vm.vendor" value="Ubuntu"/>
    <property name="java.vendor.url" value="https://ubuntu.com/"/>
    <property name="guice.disable.misplaced.annotation.check" value="true"/>
    <property name="path.separator" value=":"/>
    <property name="java.vm.name" value="OpenJDK 64-Bit Server VM"/>
    <property name="sun.os.patch.level" value="unknown"/>
    <property name="sun.java.launcher" value="SUN_STANDARD"/>
    <property name="java.vm.specification.name" value="Java Virtual Machine Specification"/>
    <property name="user.dir" value="/home/jadams/code/jfreechart-1.0.19"/>
    <property name="java.vm.compressedOopsMode" value="32-bit"/>
    <property name="java.runtime.version" value="11.0.22+7-post-Ubuntu-0ubuntu222.04.1"/>
    <property name="java.awt.graphicsenv" value="sun.awt.X11GraphicsEnvironment"/>
    <property name="os.arch" value="amd64"/>
    <property name="java.io.tmpdir" value="/tmp"/>
    <property name="line.separator" value="
"/>
    <property name="java.vm.specification.vendor" value="Oracle Corporation"/>
    <property name="os.name" value="Linux"/>
    <property name="classworlds.conf" value="/usr/share/maven/bin/m2.conf"/>
    <property name="sun.jnu.encoding" value="UTF-8"/>
    <property name="java.library.path" value=":/home/jadams/oracle/instantclient_11_2:/usr/java/packages/lib:/usr/lib/x86_64-linux-gnu/jni:/lib/x86_64-linux-gnu:/usr/lib/x86_64-linux-gnu:/usr/lib/jni:/lib:/usr/lib"/>
    <property name="maven.conf" value="/usr/share/maven/conf"/>
    <property name="jdk.debug" value="release"/>
    <property name="java.class.version" value="55.0"/>
    <property name="java.specification.name" value="Java Platform API Specification"/>
    <property name="sun.management.compiler" value="HotSpot 64-Bit Tiered Compilers"/>
    <property name="os.version" value="5.15.146.1-microsoft-standard-WSL2"/>
    <property name="library.jansi.path" value="/usr/share/maven/lib/jansi-native"/>
    <property name="user.home" value="/home/jadams"/>
    <property name="user.timezone" value="Europe/London"/>
    <property name="java.awt.printerjob" value="sun.print.PSPrinterJob"/>
    <property name="file.encoding" value="UTF-8"/>
    <property name="java.specification.version" value="11"/>
    <property name="user.name" value="jadams"/>
    <property name="java.class.path" value="/usr/share/maven/boot/plexus-classworlds-2.x.jar"/>
    <property name="java.vm.specification.version" value="11"/>
    <property name="sun.arch.data.model" value="64"/>
    <property name="sun.java.command" value="org.codehaus.plexus.classworlds.launcher.Launcher install"/>
    <property name="java.home" value="/usr/lib/jvm/java-11-openjdk-amd64"/>
    <property name="user.language" value="en"/>
    <property name="java.specification.vendor" value="Oracle Corporation"/>
    <property name="awt.toolkit" value="sun.awt.X11.XToolkit"/>
    <property name="java.vm.info" value="mixed mode, sharing"/>
    <property name="java.version" value="11.0.22"/>
    <property name="java.vendor" value="Ubuntu"/>
    <property name="java.specification.maintenance.version" value="2"/>
    <property name="maven.home" value="/usr/share/maven"/>
    <property name="file.separator" value="/"/>
    <property name="java.version.date" value="2024-01-16"/>
    <property name="java.vendor.url.bug" value="https://bugs.launchpad.net/ubuntu/+source/openjdk-lts"/>
    <property name="sun.io.unicode.encoding" value="UnicodeLittle"/>
    <property name="sun.cpu.endian" value="little"/>
    <property name="sun.cpu.isalist" value=""/>
  </properties>
  <testcase classname="org.jfree.data.time.TimeSeriesTest" name="testEquals2" time="0"/>
  <testcase classname="org.jfree.data.time.TimeSeriesTest" name="testEquals3" time="0"/>
  <testcase classname="org.jfree.data.time.TimeSeriesTest" name="testGetIndex" time="0"/>
  <testcase classname="org.jfree.data.time.TimeSeriesTest" name="testGetMaxY2" time="0.001"/>
  <testcase classname="org.jfree.data.time.TimeSeriesTest" name="testGetMinY2" time="0"/>
  <testcase classname="org.jfree.data.time.TimeSeriesTest" name="testGetValue" time="0"/>
  <testcase classname="org.jfree.data.time.TimeSeriesTest" name="testUpdate_RegularTimePeriod" time="0.001"/>
  <testcase classname="org.jfree.data.time.TimeSeriesTest" name="testSerialization" time="0.001"/>
  <testcase classname="org.jfree.data.time.TimeSeriesTest" name="testAdd" time="0"/>
  <testcase classname="org.jfree.data.time.TimeSeriesTest" name="testClear" time="0.001"/>
  <testcase classname="org.jfree.data.time.TimeSeriesTest" name="testClone" time="0"/>
  <testcase classname="org.jfree.data.time.TimeSeriesTest" name="testCreateCopy1" time="0.001"/>
  <testcase classname="org.jfree.data.time.TimeSeriesTest" name="testCreateCopy2" time="0"/>
  <testcase classname="org.jfree.data.time.TimeSeriesTest" name="testCreateCopy3" time="0"/>
  <testcase classname="org.jfree.data.time.TimeSeriesTest" name="testBug3446965" time="0.001"/>
  <testcase classname="org.jfree.data.time.TimeSeriesTest" name="testAddOrUpdate" time="0"/>
  <testcase classname="org.jfree.data.time.TimeSeriesTest" name="testAddValue" time="0.001"/>
  <testcase classname="org.jfree.data.time.TimeSeriesTest" name="testGetMaxY" time="0"/>
  <testcase classname="org.jfree.data.time.TimeSeriesTest" name="testGetMinY" time="0"/>
  <testcase classname="org.jfree.data.time.TimeSeriesTest" name="testFindValueRange" time="0.001"/>
  <testcase classname="org.jfree.data.time.TimeSeriesTest" name="testFindValueRange2" time="0"/>
  <testcase classname="org.jfree.data.time.TimeSeriesTest" name="testRemoveAgedItems" time="0"/>
  <testcase classname="org.jfree.data.time.TimeSeriesTest" name="testSetMaximumItemCount" time="0"/>
  <testcase classname="org.jfree.data.time.TimeSeriesTest" name="testAdd_TimeSeriesDataItem" time="0"/>
  <testcase classname="org.jfree.data.time.TimeSeriesTest" name="testAddOrUpdate2" time="0"/>
  <testcase classname="org.jfree.data.time.TimeSeriesTest" name="testAddOrUpdate3" time="0.014"/>
  <testcase classname="org.jfree.data.time.TimeSeriesTest" name="testAddOrUpdate4" time="0.001"/>
  <testcase classname="org.jfree.data.time.TimeSeriesTest" name="testDelete_RegularTimePeriod" time="0"/>
  <testcase classname="org.jfree.data.time.TimeSeriesTest" name="testGetDataItem1" time="0.001"/>
  <testcase classname="org.jfree.data.time.TimeSeriesTest" name="testGetDataItem2" time="0"/>
  <testcase classname="org.jfree.data.time.TimeSeriesTest" name="testHashCode" time="0"/>
  <testcase classname="org.jfree.data.time.TimeSeriesTest" name="testDelete2" time="0.001"/>
  <testcase classname="org.jfree.data.time.TimeSeriesTest" name="testDelete3" time="0"/>
  <testcase classname="org.jfree.data.time.TimeSeriesTest" name="testClone2" time="0"/>
  <testcase classname="org.jfree.data.time.TimeSeriesTest" name="testDelete" time="0"/>
  <testcase classname="org.jfree.data.time.TimeSeriesTest" name="testEquals" time="0.001"/>
  <testcase classname="org.jfree.data.time.TimeSeriesTest" name="testBug1075255" time="0.001"/>
  <testcase classname="org.jfree.data.time.TimeSeriesTest" name="testRemoveAgedItems2" time="0"/>
  <testcase classname="org.jfree.data.time.TimeSeriesTest" name="testRemoveAgedItems3" time="0"/>
  <testcase classname="org.jfree.data.time.TimeSeriesTest" name="testRemoveAgedItems4" time="0"/>
  <testcase classname="org.jfree.data.time.TimeSeriesTest" name="testRemoveAgedItems5" time="0"/>
  <testcase classname="org.jfree.data.time.TimeSeriesTest" name="testSetKey" time="0.001"/>
  <testcase classname="org.jfree.data.time.TimeSeriesTest" name="testBug1832432" time="0"/>
  <testcase classname="org.jfree.data.time.TimeSeriesTest" name="testBug1864222" time="0"/>
</testsuite>